2019-09-28 12:43:55.438  INFO 8600 --- [main] o.x.r.ReliableClearCenterApplication     : No active profile set, falling back to default profiles: default
2019-09-28 12:43:56.647  WARN 8600 --- [main] o.s.boot.actuate.endpoint.EndpointId     : Endpoint ID 'bus-env' contains invalid characters, please migrate to a valid format.
2019-09-28 12:43:56.892  INFO 8600 --- [main] .s.d.r.c.RepositoryConfigurationDelegate : Multiple Spring Data modules found, entering strict repository configuration mode!
2019-09-28 12:43:56.894  INFO 8600 --- [main] .s.d.r.c.RepositoryConfigurationDelegate : Bootstrapping Spring Data repositories in DEFAULT mode.
2019-09-28 12:43:56.917  INFO 8600 --- [main] .s.d.r.c.RepositoryConfigurationDelegate : Finished Spring Data repository scanning in 11ms. Found 0 repository interfaces.
2019-09-28 12:43:56.988  WARN 8600 --- [main] o.s.boot.actuate.endpoint.EndpointId     : Endpoint ID 'bus-refresh' contains invalid characters, please migrate to a valid format.
2019-09-28 12:43:57.038  WARN 8600 --- [main] o.s.boot.actuate.endpoint.EndpointId     : Endpoint ID 'service-registry' contains invalid characters, please migrate to a valid format.
2019-09-28 12:43:57.527  INFO 8600 --- [main] o.s.cloud.context.scope.GenericScope     : BeanFactory id=079766cd-f5f0-3d7a-bc16-36bfaac92f49
2019-09-28 12:43:57.548  INFO 8600 --- [main] faultConfiguringBeanFactoryPostProcessor : No bean named 'errorChannel' has been explicitly defined. Therefore, a default PublishSubscribeChannel will be created.
2019-09-28 12:43:57.603  INFO 8600 --- [main] faultConfiguringBeanFactoryPostProcessor : No bean named 'taskScheduler' has been explicitly defined. Therefore, a default ThreadPoolTaskScheduler will be created.
2019-09-28 12:43:57.613  INFO 8600 --- [main] faultConfiguringBeanFactoryPostProcessor : No bean named 'integrationHeaderChannelRegistry' has been explicitly defined. Therefore, a default DefaultHeaderChannelRegistry will be created.
2019-09-28 12:43:57.671  INFO 8600 --- [main] trationDelegate$BeanPostProcessorChecker : Bean 'org.xarch.reliable.service.feign.FeignClearManager' of type [org.springframework.cloud.openfeign.FeignClientFactoryBean] is not eligible for getting processed by all BeanPostProcessors (for example: not eligible for auto-proxying)
2019-09-28 12:43:57.673  INFO 8600 --- [main] trationDelegate$BeanPostProcessorChecker : Bean 'org.xarch.reliable.service.feign.FeignDataManager' of type [org.springframework.cloud.openfeign.FeignClientFactoryBean] is not eligible for getting processed by all BeanPostProcessors (for example: not eligible for auto-proxying)
2019-09-28 12:43:57.675  INFO 8600 --- [main] trationDelegate$BeanPostProcessorChecker : Bean 'org.xarch.reliable.service.feign.FeignJsapiManager' of type [org.springframework.cloud.openfeign.FeignClientFactoryBean] is not eligible for getting processed by all BeanPostProcessors (for example: not eligible for auto-proxying)
2019-09-28 12:43:57.676  INFO 8600 --- [main] trationDelegate$BeanPostProcessorChecker : Bean 'org.xarch.reliable.service.feign.FeignPayManager' of type [org.springframework.cloud.openfeign.FeignClientFactoryBean] is not eligible for getting processed by all BeanPostProcessors (for example: not eligible for auto-proxying)
2019-09-28 12:43:57.804  INFO 8600 --- [main] trationDelegate$BeanPostProcessorChecker : Bean 'integrationDisposableAutoCreatedBeans' of type [org.springframework.integration.config.annotation.Disposables] is not eligible for getting processed by all BeanPostProcessors (for example: not eligible for auto-proxying)
2019-09-28 12:43:57.829  INFO 8600 --- [main] trationDelegate$BeanPostProcessorChecker : Bean 'org.springframework.integration.config.IntegrationManagementConfiguration' of type [org.springframework.integration.config.IntegrationManagementConfiguration$$EnhancerBySpringCGLIB$$25f954ea] is not eligible for getting processed by all BeanPostProcessors (for example: not eligible for auto-proxying)
2019-09-28 12:43:57.836  INFO 8600 --- [main] trationDelegate$BeanPostProcessorChecker : Bean 'org.springframework.boot.autoconfigure.integration.IntegrationAutoConfiguration$IntegrationJmxConfiguration' of type [org.springframework.boot.autoconfigure.integration.IntegrationAutoConfiguration$IntegrationJmxConfiguration$$EnhancerBySpringCGLIB$$18b600a] is not eligible for getting processed by all BeanPostProcessors (for example: not eligible for auto-proxying)
2019-09-28 12:43:57.845  INFO 8600 --- [main] trationDelegate$BeanPostProcessorChecker : Bean 'org.springframework.boot.autoconfigure.jmx.JmxAutoConfiguration' of type [org.springframework.boot.autoconfigure.jmx.JmxAutoConfiguration$$EnhancerBySpringCGLIB$$3a7308d7] is not eligible for getting processed by all BeanPostProcessors (for example: not eligible for auto-proxying)
2019-09-28 12:43:57.878  INFO 8600 --- [main] trationDelegate$BeanPostProcessorChecker : Bean 'mbeanServer' of type [com.sun.jmx.mbeanserver.JmxMBeanServer] is not eligible for getting processed by all BeanPostProcessors (for example: not eligible for auto-proxying)
2019-09-28 12:43:57.894  INFO 8600 --- [main] trationDelegate$BeanPostProcessorChecker : Bean 'org.springframework.cloud.autoconfigure.ConfigurationPropertiesRebinderAutoConfiguration' of type [org.springframework.cloud.autoconfigure.ConfigurationPropertiesRebinderAutoConfiguration$$EnhancerBySpringCGLIB$$d7219cb8] is not eligible for getting processed by all BeanPostProcessors (for example: not eligible for auto-proxying)
2019-09-28 12:43:58.164  WARN 8600 --- [main] onfigReactiveWebServerApplicationContext : Exception encountered during context initialization - cancelling refresh attempt: org.springframework.beans.factory.UnsatisfiedDependencyException: Error creating bean with name 'clearCenterController': Unsatisfied dependency expressed through field 'clearServer'; nested exception is org.springframework.beans.factory.NoSuchBeanDefinitionException: No qualifying bean of type 'org.xarch.reliable.service.ClearServer' available: expected at least 1 bean which qualifies as autowire candidate. Dependency annotations: {@org.springframework.beans.factory.annotation.Autowired(required=true)}
2019-09-28 12:43:58.261  INFO 8600 --- [main] ConditionEvaluationReportLoggingListener : 

Error starting ApplicationContext. To display the conditions report re-run your application with 'debug' enabled.
2019-09-28 12:43:58.261  INFO 8600 --- [main] o.s.c.n.e.s.EurekaServiceRegistry        : Unregistering application RELIABLE-CLEAR-CENTER with eureka with status DOWN
2019-09-28 12:43:58.262  INFO 8600 --- [main] com.netflix.discovery.DiscoveryClient    : Shutting down DiscoveryClient ...
2019-09-28 12:43:58.288  INFO 8600 --- [main] com.netflix.discovery.DiscoveryClient    : Completed shut down of DiscoveryClient
2019-09-28 12:43:58.515 ERROR 8600 --- [main] o.s.b.d.LoggingFailureAnalysisReporter   : 

***************************
APPLICATION FAILED TO START
***************************

Description:

Field clearServer in org.xarch.reliable.controller.ClearCenterController required a bean of type 'org.xarch.reliable.service.ClearServer' that could not be found.

The injection point has the following annotations:
	- @org.springframework.beans.factory.annotation.Autowired(required=true)


Action:

Consider defining a bean of type 'org.xarch.reliable.service.ClearServer' in your configuration.

2019-09-28 12:45:42.880  INFO 11216 --- [main] o.x.r.ReliableClearCenterApplication     : No active profile set, falling back to default profiles: default
2019-09-28 12:45:43.642  WARN 11216 --- [main] o.s.boot.actuate.endpoint.EndpointId     : Endpoint ID 'bus-env' contains invalid characters, please migrate to a valid format.
2019-09-28 12:45:43.809  INFO 11216 --- [main] .s.d.r.c.RepositoryConfigurationDelegate : Multiple Spring Data modules found, entering strict repository configuration mode!
2019-09-28 12:45:43.812  INFO 11216 --- [main] .s.d.r.c.RepositoryConfigurationDelegate : Bootstrapping Spring Data repositories in DEFAULT mode.
2019-09-28 12:45:43.848  INFO 11216 --- [main] .s.d.r.c.RepositoryConfigurationDelegate : Finished Spring Data repository scanning in 18ms. Found 0 repository interfaces.
2019-09-28 12:45:43.897  WARN 11216 --- [main] o.s.boot.actuate.endpoint.EndpointId     : Endpoint ID 'bus-refresh' contains invalid characters, please migrate to a valid format.
2019-09-28 12:45:43.971  WARN 11216 --- [main] o.s.boot.actuate.endpoint.EndpointId     : Endpoint ID 'service-registry' contains invalid characters, please migrate to a valid format.
2019-09-28 12:45:44.196  INFO 11216 --- [main] o.s.cloud.context.scope.GenericScope     : BeanFactory id=c1aeb5da-a2c0-3946-a6b9-14e2b9b6babd
2019-09-28 12:45:44.203  INFO 11216 --- [main] faultConfiguringBeanFactoryPostProcessor : No bean named 'errorChannel' has been explicitly defined. Therefore, a default PublishSubscribeChannel will be created.
2019-09-28 12:45:44.210  INFO 11216 --- [main] faultConfiguringBeanFactoryPostProcessor : No bean named 'taskScheduler' has been explicitly defined. Therefore, a default ThreadPoolTaskScheduler will be created.
2019-09-28 12:45:44.216  INFO 11216 --- [main] faultConfiguringBeanFactoryPostProcessor : No bean named 'integrationHeaderChannelRegistry' has been explicitly defined. Therefore, a default DefaultHeaderChannelRegistry will be created.
2019-09-28 12:45:44.234  INFO 11216 --- [main] trationDelegate$BeanPostProcessorChecker : Bean 'org.xarch.reliable.service.feign.FeignClearManager' of type [org.springframework.cloud.openfeign.FeignClientFactoryBean] is not eligible for getting processed by all BeanPostProcessors (for example: not eligible for auto-proxying)
2019-09-28 12:45:44.235  INFO 11216 --- [main] trationDelegate$BeanPostProcessorChecker : Bean 'org.xarch.reliable.service.feign.FeignDataManager' of type [org.springframework.cloud.openfeign.FeignClientFactoryBean] is not eligible for getting processed by all BeanPostProcessors (for example: not eligible for auto-proxying)
2019-09-28 12:45:44.236  INFO 11216 --- [main] trationDelegate$BeanPostProcessorChecker : Bean 'org.xarch.reliable.service.feign.FeignJsapiManager' of type [org.springframework.cloud.openfeign.FeignClientFactoryBean] is not eligible for getting processed by all BeanPostProcessors (for example: not eligible for auto-proxying)
2019-09-28 12:45:44.236  INFO 11216 --- [main] trationDelegate$BeanPostProcessorChecker : Bean 'org.xarch.reliable.service.feign.FeignPayManager' of type [org.springframework.cloud.openfeign.FeignClientFactoryBean] is not eligible for getting processed by all BeanPostProcessors (for example: not eligible for auto-proxying)
2019-09-28 12:45:44.355  INFO 11216 --- [main] trationDelegate$BeanPostProcessorChecker : Bean 'integrationDisposableAutoCreatedBeans' of type [org.springframework.integration.config.annotation.Disposables] is not eligible for getting processed by all BeanPostProcessors (for example: not eligible for auto-proxying)
2019-09-28 12:45:44.379  INFO 11216 --- [main] trationDelegate$BeanPostProcessorChecker : Bean 'org.springframework.integration.config.IntegrationManagementConfiguration' of type [org.springframework.integration.config.IntegrationManagementConfiguration$$EnhancerBySpringCGLIB$$b0c7c7cd] is not eligible for getting processed by all BeanPostProcessors (for example: not eligible for auto-proxying)
2019-09-28 12:45:44.385  INFO 11216 --- [main] trationDelegate$BeanPostProcessorChecker : Bean 'org.springframework.boot.autoconfigure.integration.IntegrationAutoConfiguration$IntegrationJmxConfiguration' of type [org.springframework.boot.autoconfigure.integration.IntegrationAutoConfiguration$IntegrationJmxConfiguration$$EnhancerBySpringCGLIB$$8c59d2ed] is not eligible for getting processed by all BeanPostProcessors (for example: not eligible for auto-proxying)
2019-09-28 12:45:44.393  INFO 11216 --- [main] trationDelegate$BeanPostProcessorChecker : Bean 'org.springframework.boot.autoconfigure.jmx.JmxAutoConfiguration' of type [org.springframework.boot.autoconfigure.jmx.JmxAutoConfiguration$$EnhancerBySpringCGLIB$$c5417bba] is not eligible for getting processed by all BeanPostProcessors (for example: not eligible for auto-proxying)
2019-09-28 12:45:44.401  INFO 11216 --- [main] trationDelegate$BeanPostProcessorChecker : Bean 'mbeanServer' of type [com.sun.jmx.mbeanserver.JmxMBeanServer] is not eligible for getting processed by all BeanPostProcessors (for example: not eligible for auto-proxying)
2019-09-28 12:45:44.423  INFO 11216 --- [main] trationDelegate$BeanPostProcessorChecker : Bean 'org.springframework.cloud.autoconfigure.ConfigurationPropertiesRebinderAutoConfiguration' of type [org.springframework.cloud.autoconfigure.ConfigurationPropertiesRebinderAutoConfiguration$$EnhancerBySpringCGLIB$$61f00f9b] is not eligible for getting processed by all BeanPostProcessors (for example: not eligible for auto-proxying)
2019-09-28 12:45:44.975  INFO 11216 --- [main] o.s.s.c.ThreadPoolTaskScheduler          : Initializing ExecutorService 'taskScheduler'
2019-09-28 12:45:45.337  WARN 11216 --- [main] c.n.c.sources.URLConfigurationSource     : No URLs will be polled as dynamic configuration sources.
2019-09-28 12:45:45.337  INFO 11216 --- [main] c.n.c.sources.URLConfigurationSource     : To enable URLs as dynamic configuration sources, define System property archaius.configurationSource.additionalUrls or make config.properties available on classpath.
2019-09-28 12:45:45.355  WARN 11216 --- [main] c.n.c.sources.URLConfigurationSource     : No URLs will be polled as dynamic configuration sources.
2019-09-28 12:45:45.355  INFO 11216 --- [main] c.n.c.sources.URLConfigurationSource     : To enable URLs as dynamic configuration sources, define System property archaius.configurationSource.additionalUrls or make config.properties available on classpath.
2019-09-28 12:45:45.810 DEBUG 11216 --- [main] s.w.r.r.m.a.RequestMappingHandlerMapping : 1 mappings in 'requestMappingHandlerMapping'
2019-09-28 12:45:45.847 DEBUG 11216 --- [main] o.s.w.r.handler.SimpleUrlHandlerMapping  : Patterns [/webjars/**, /**] in 'resourceHandlerMapping'
2019-09-28 12:45:46.965  INFO 11216 --- [main] o.s.b.a.e.web.EndpointLinksResolver      : Exposing 2 endpoint(s) beneath base path '/actuator'
2019-09-28 12:45:47.127 DEBUG 11216 --- [main] o.s.w.r.r.m.a.ControllerMethodResolver   : ControllerAdvice beans: none
2019-09-28 12:45:47.206 DEBUG 11216 --- [main] o.s.w.s.adapter.HttpWebHandlerAdapter    : enableLoggingRequestDetails='false': form data and headers will be masked to prevent unsafe logging of potentially sensitive data
2019-09-28 12:45:50.359  INFO 11216 --- [main] o.s.cloud.commons.util.InetUtils         : Cannot determine local hostname
2019-09-28 12:45:52.353  INFO 11216 --- [main] o.s.cloud.commons.util.InetUtils         : Cannot determine local hostname
2019-09-28 12:45:52.534  INFO 11216 --- [main] com.netflix.discovery.DiscoveryClient    : Shutting down DiscoveryClient ...
2019-09-28 12:45:52.548  INFO 11216 --- [main] com.netflix.discovery.DiscoveryClient    : Completed shut down of DiscoveryClient
2019-09-28 12:45:52.744  INFO 11216 --- [main] o.s.c.s.m.DirectWithAttributesChannel    : Channel 'reliable-clear-center-1.springCloudBusInput' has 1 subscriber(s).
2019-09-28 12:45:52.966  INFO 11216 --- [main] o.s.i.monitor.IntegrationMBeanExporter   : Registering MessageChannel springCloudBusInput
2019-09-28 12:45:53.052  INFO 11216 --- [main] o.s.i.monitor.IntegrationMBeanExporter   : Registering MessageChannel errorChannel
2019-09-28 12:45:53.090  INFO 11216 --- [main] o.s.i.monitor.IntegrationMBeanExporter   : Registering MessageChannel springCloudBusOutput
2019-09-28 12:45:53.110  INFO 11216 --- [main] o.s.i.monitor.IntegrationMBeanExporter   : Registering MessageChannel nullChannel
2019-09-28 12:45:53.131  INFO 11216 --- [main] o.s.i.monitor.IntegrationMBeanExporter   : Registering MessageHandler org.springframework.cloud.stream.binding.StreamListenerMessageHandler@3a988299
2019-09-28 12:45:53.187  INFO 11216 --- [main] o.s.i.monitor.IntegrationMBeanExporter   : Registering MessageHandler errorLogger
2019-09-28 12:45:53.233  INFO 11216 --- [main] o.s.i.endpoint.EventDrivenConsumer       : Adding {logging-channel-adapter:_org.springframework.integration.errorLogger} as a subscriber to the 'errorChannel' channel
2019-09-28 12:45:53.233  INFO 11216 --- [main] o.s.i.channel.PublishSubscribeChannel    : Channel 'reliable-clear-center-1.errorChannel' has 1 subscriber(s).
2019-09-28 12:45:53.233  INFO 11216 --- [main] o.s.i.endpoint.EventDrivenConsumer       : started _org.springframework.integration.errorLogger
2019-09-28 12:45:55.238  INFO 11216 --- [main] c.c.c.ConfigServicePropertySourceLocator : Fetching config from server at : http://47.104.89.2:8010/
2019-09-28 12:45:55.239 DEBUG 11216 --- [main] o.s.web.client.RestTemplate              : HTTP GET http://47.104.89.2:8010/rabbitmq-bus,async-thread,logback-web-debug,feign,ribbon-eager-load-business/dev/master
2019-09-28 12:45:55.246 DEBUG 11216 --- [main] o.s.web.client.RestTemplate              : Accept=[application/json, application/*+json]
2019-09-28 12:45:56.824 DEBUG 11216 --- [main] o.s.web.client.RestTemplate              : Response 200 OK
2019-09-28 12:45:56.825 DEBUG 11216 --- [main] o.s.web.client.RestTemplate              : Reading to [org.springframework.cloud.config.environment.Environment]
2019-09-28 12:45:56.827  INFO 11216 --- [main] c.c.c.ConfigServicePropertySourceLocator : Located environment: name=rabbitmq-bus,async-thread,logback-web-debug,feign,ribbon-eager-load-business, profiles=[dev], label=master, version=354eafa6d42944eb76e5ae5c12b3477f13977111, state=null
2019-09-28 12:45:56.827  INFO 11216 --- [main] b.c.PropertySourceBootstrapConfiguration : Located property source: CompositePropertySource {name='configService', propertySources=[MapPropertySource {name='configClient'}, MapPropertySource {name='https://github.com/xarch-reliable/reliable-config-repository/reliable-config-repo/thread-pool/async-thread.yml'}, MapPropertySource {name='https://github.com/xarch-reliable/reliable-config-repository/reliable-config-repo/logback/logback-web-debug.yml'}, MapPropertySource {name='https://github.com/xarch-reliable/reliable-config-repository/reliable-config-repo/feign/ribbon-eager-load-business.yml'}, MapPropertySource {name='https://github.com/xarch-reliable/reliable-config-repository/reliable-config-repo/feign/feign.yml'}, MapPropertySource {name='https://github.com/xarch-reliable/reliable-config-repository/reliable-config-repo/bus/rabbitmq-bus.yml'}]}
2019-09-28 12:45:57.409  INFO 11216 --- [main] c.netflix.config.ChainedDynamicProperty  : Flipping property: reliable-draft-manager.ribbon.ActiveConnectionsLimit to use NEXT property: niws.loadbalancer.availabilityFilteringRule.activeConnectionsLimit = 2147483647
2019-09-28 12:45:57.459  INFO 11216 --- [main] c.n.u.concurrent.ShutdownEnabledTimer    : Shutdown hook installed for: NFLoadBalancer-PingTimer-reliable-draft-manager
2019-09-28 12:45:57.460  INFO 11216 --- [main] c.netflix.loadbalancer.BaseLoadBalancer  : Client: reliable-draft-manager instantiated a LoadBalancer: DynamicServerListLoadBalancer:{NFLoadBalancer:name=reliable-draft-manager,current list of Servers=[],Load balancer stats=Zone stats: {},Server stats: []}ServerList:null
2019-09-28 12:45:57.472  INFO 11216 --- [main] c.n.l.DynamicServerListLoadBalancer      : Using serverListUpdater PollingServerListUpdater
2019-09-28 12:45:57.484  INFO 11216 --- [main] o.s.c.n.eureka.InstanceInfoFactory       : Setting initial instance status as: STARTING
2019-09-28 12:45:57.486  INFO 11216 --- [main] com.netflix.discovery.DiscoveryClient    : Initializing Eureka in region us-east-1
2019-09-28 12:45:57.489  INFO 11216 --- [main] c.n.d.provider.DiscoveryJerseyProvider   : Using JSON encoding codec LegacyJacksonJson
2019-09-28 12:45:57.489  INFO 11216 --- [main] c.n.d.provider.DiscoveryJerseyProvider   : Using JSON decoding codec LegacyJacksonJson
2019-09-28 12:45:57.489  INFO 11216 --- [main] c.n.d.provider.DiscoveryJerseyProvider   : Using XML encoding codec XStreamXml
2019-09-28 12:45:57.489  INFO 11216 --- [main] c.n.d.provider.DiscoveryJerseyProvider   : Using XML decoding codec XStreamXml
2019-09-28 12:45:57.551  INFO 11216 --- [main] c.n.d.s.r.aws.ConfigClusterResolver      : Resolving eureka endpoints via configuration
2019-09-28 12:45:57.552  INFO 11216 --- [main] com.netflix.discovery.DiscoveryClient    : Disable delta property : false
2019-09-28 12:45:57.552  INFO 11216 --- [main] com.netflix.discovery.DiscoveryClient    : Single vip registry refresh property : null
2019-09-28 12:45:57.553  INFO 11216 --- [main] com.netflix.discovery.DiscoveryClient    : Force full registry fetch : false
2019-09-28 12:45:57.553  INFO 11216 --- [main] com.netflix.discovery.DiscoveryClient    : Application is null : false
2019-09-28 12:45:57.553  INFO 11216 --- [main] com.netflix.discovery.DiscoveryClient    : Registered Applications size is zero : true
2019-09-28 12:45:57.553  INFO 11216 --- [main] com.netflix.discovery.DiscoveryClient    : Application version is -1: true
2019-09-28 12:45:57.553  INFO 11216 --- [main] com.netflix.discovery.DiscoveryClient    : Getting all instance registry info from the eureka server
2019-09-28 12:45:57.996  INFO 11216 --- [main] com.netflix.discovery.DiscoveryClient    : The response status is 200
2019-09-28 12:45:57.998  INFO 11216 --- [main] com.netflix.discovery.DiscoveryClient    : Starting heartbeat executor: renew interval is: 30
2019-09-28 12:45:58.000  INFO 11216 --- [main] c.n.discovery.InstanceInfoReplicator     : InstanceInfoReplicator onDemand update allowed rate per min is 4
2019-09-28 12:45:58.002  INFO 11216 --- [main] com.netflix.discovery.DiscoveryClient    : Discovery Client initialized at timestamp 1569645958002 with initial instances count: 27
2019-09-28 12:45:58.050  INFO 11216 --- [main] c.netflix.config.ChainedDynamicProperty  : Flipping property: reliable-draft-manager.ribbon.ActiveConnectionsLimit to use NEXT property: niws.loadbalancer.availabilityFilteringRule.activeConnectionsLimit = 2147483647
2019-09-28 12:45:58.054  INFO 11216 --- [main] c.n.l.DynamicServerListLoadBalancer      : DynamicServerListLoadBalancer for client reliable-draft-manager initialized: DynamicServerListLoadBalancer:{NFLoadBalancer:name=reliable-draft-manager,current list of Servers=[47.104.82.217:8850],Load balancer stats=Zone stats: {defaultzone=[Zone:defaultzone;	Instance count:1;	Active connections count: 0;	Circuit breaker tripped count: 0;	Active connections per server: 0.0;]
},Server stats: [[Server:47.104.82.217:8850;	Zone:defaultZone;	Total Requests:0;	Successive connection failure:0;	Total blackout seconds:0;	Last connection made:Thu Jan 01 08:00:00 CST 1970;	First connection made: Thu Jan 01 08:00:00 CST 1970;	Active Connections:0;	total failure count in last (1000) msecs:0;	average resp time:0.0;	90 percentile resp time:0.0;	95 percentile resp time:0.0;	min resp time:0.0;	max resp time:0.0;	stddev resp time:0.0]
]}ServerList:org.springframework.cloud.netflix.ribbon.eureka.DomainExtractingServerList@1f57666b
2019-09-28 12:45:58.154  INFO 11216 --- [main] c.netflix.config.ChainedDynamicProperty  : Flipping property: reliable-draftid-manager.ribbon.ActiveConnectionsLimit to use NEXT property: niws.loadbalancer.availabilityFilteringRule.activeConnectionsLimit = 2147483647
2019-09-28 12:45:58.156  INFO 11216 --- [main] c.n.u.concurrent.ShutdownEnabledTimer    : Shutdown hook installed for: NFLoadBalancer-PingTimer-reliable-draftid-manager
2019-09-28 12:45:58.157  INFO 11216 --- [main] c.netflix.loadbalancer.BaseLoadBalancer  : Client: reliable-draftid-manager instantiated a LoadBalancer: DynamicServerListLoadBalancer:{NFLoadBalancer:name=reliable-draftid-manager,current list of Servers=[],Load balancer stats=Zone stats: {},Server stats: []}ServerList:null
2019-09-28 12:45:58.158  INFO 11216 --- [main] c.n.l.DynamicServerListLoadBalancer      : Using serverListUpdater PollingServerListUpdater
2019-09-28 12:45:58.161  INFO 11216 --- [main] c.netflix.config.ChainedDynamicProperty  : Flipping property: reliable-draftid-manager.ribbon.ActiveConnectionsLimit to use NEXT property: niws.loadbalancer.availabilityFilteringRule.activeConnectionsLimit = 2147483647
2019-09-28 12:45:58.161  INFO 11216 --- [main] c.n.l.DynamicServerListLoadBalancer      : DynamicServerListLoadBalancer for client reliable-draftid-manager initialized: DynamicServerListLoadBalancer:{NFLoadBalancer:name=reliable-draftid-manager,current list of Servers=[47.104.82.217:8860],Load balancer stats=Zone stats: {defaultzone=[Zone:defaultzone;	Instance count:1;	Active connections count: 0;	Circuit breaker tripped count: 0;	Active connections per server: 0.0;]
},Server stats: [[Server:47.104.82.217:8860;	Zone:defaultZone;	Total Requests:0;	Successive connection failure:0;	Total blackout seconds:0;	Last connection made:Thu Jan 01 08:00:00 CST 1970;	First connection made: Thu Jan 01 08:00:00 CST 1970;	Active Connections:0;	total failure count in last (1000) msecs:0;	average resp time:0.0;	90 percentile resp time:0.0;	95 percentile resp time:0.0;	min resp time:0.0;	max resp time:0.0;	stddev resp time:0.0]
]}ServerList:org.springframework.cloud.netflix.ribbon.eureka.DomainExtractingServerList@3a8ead9
2019-09-28 12:45:58.214  INFO 11216 --- [main] c.netflix.config.ChainedDynamicProperty  : Flipping property: reliable-order-notify-manager.ribbon.ActiveConnectionsLimit to use NEXT property: niws.loadbalancer.availabilityFilteringRule.activeConnectionsLimit = 2147483647
2019-09-28 12:45:58.216  INFO 11216 --- [main] c.n.u.concurrent.ShutdownEnabledTimer    : Shutdown hook installed for: NFLoadBalancer-PingTimer-reliable-order-notify-manager
2019-09-28 12:45:58.216  INFO 11216 --- [main] c.netflix.loadbalancer.BaseLoadBalancer  : Client: reliable-order-notify-manager instantiated a LoadBalancer: DynamicServerListLoadBalancer:{NFLoadBalancer:name=reliable-order-notify-manager,current list of Servers=[],Load balancer stats=Zone stats: {},Server stats: []}ServerList:null
2019-09-28 12:45:58.218  INFO 11216 --- [main] c.n.l.DynamicServerListLoadBalancer      : Using serverListUpdater PollingServerListUpdater
2019-09-28 12:45:58.220  INFO 11216 --- [main] c.netflix.config.ChainedDynamicProperty  : Flipping property: reliable-order-notify-manager.ribbon.ActiveConnectionsLimit to use NEXT property: niws.loadbalancer.availabilityFilteringRule.activeConnectionsLimit = 2147483647
2019-09-28 12:45:58.221  INFO 11216 --- [main] c.n.l.DynamicServerListLoadBalancer      : DynamicServerListLoadBalancer for client reliable-order-notify-manager initialized: DynamicServerListLoadBalancer:{NFLoadBalancer:name=reliable-order-notify-manager,current list of Servers=[47.104.72.15:8880],Load balancer stats=Zone stats: {defaultzone=[Zone:defaultzone;	Instance count:1;	Active connections count: 0;	Circuit breaker tripped count: 0;	Active connections per server: 0.0;]
},Server stats: [[Server:47.104.72.15:8880;	Zone:defaultZone;	Total Requests:0;	Successive connection failure:0;	Total blackout seconds:0;	Last connection made:Thu Jan 01 08:00:00 CST 1970;	First connection made: Thu Jan 01 08:00:00 CST 1970;	Active Connections:0;	total failure count in last (1000) msecs:0;	average resp time:0.0;	90 percentile resp time:0.0;	95 percentile resp time:0.0;	min resp time:0.0;	max resp time:0.0;	stddev resp time:0.0]
]}ServerList:org.springframework.cloud.netflix.ribbon.eureka.DomainExtractingServerList@14b96c1e
2019-09-28 12:45:58.279  INFO 11216 --- [main] c.netflix.config.ChainedDynamicProperty  : Flipping property: reliable-refund-notify-manager.ribbon.ActiveConnectionsLimit to use NEXT property: niws.loadbalancer.availabilityFilteringRule.activeConnectionsLimit = 2147483647
2019-09-28 12:45:58.281  INFO 11216 --- [main] c.n.u.concurrent.ShutdownEnabledTimer    : Shutdown hook installed for: NFLoadBalancer-PingTimer-reliable-refund-notify-manager
2019-09-28 12:45:58.281  INFO 11216 --- [main] c.netflix.loadbalancer.BaseLoadBalancer  : Client: reliable-refund-notify-manager instantiated a LoadBalancer: DynamicServerListLoadBalancer:{NFLoadBalancer:name=reliable-refund-notify-manager,current list of Servers=[],Load balancer stats=Zone stats: {},Server stats: []}ServerList:null
2019-09-28 12:45:58.282  INFO 11216 --- [main] c.n.l.DynamicServerListLoadBalancer      : Using serverListUpdater PollingServerListUpdater
2019-09-28 12:45:58.284  INFO 11216 --- [main] c.netflix.config.ChainedDynamicProperty  : Flipping property: reliable-refund-notify-manager.ribbon.ActiveConnectionsLimit to use NEXT property: niws.loadbalancer.availabilityFilteringRule.activeConnectionsLimit = 2147483647
2019-09-28 12:45:58.286  INFO 11216 --- [main] c.n.l.DynamicServerListLoadBalancer      : DynamicServerListLoadBalancer for client reliable-refund-notify-manager initialized: DynamicServerListLoadBalancer:{NFLoadBalancer:name=reliable-refund-notify-manager,current list of Servers=[47.104.72.15:8890],Load balancer stats=Zone stats: {defaultzone=[Zone:defaultzone;	Instance count:1;	Active connections count: 0;	Circuit breaker tripped count: 0;	Active connections per server: 0.0;]
},Server stats: [[Server:47.104.72.15:8890;	Zone:defaultZone;	Total Requests:0;	Successive connection failure:0;	Total blackout seconds:0;	Last connection made:Thu Jan 01 08:00:00 CST 1970;	First connection made: Thu Jan 01 08:00:00 CST 1970;	Active Connections:0;	total failure count in last (1000) msecs:0;	average resp time:0.0;	90 percentile resp time:0.0;	95 percentile resp time:0.0;	min resp time:0.0;	max resp time:0.0;	stddev resp time:0.0]
]}ServerList:org.springframework.cloud.netflix.ribbon.eureka.DomainExtractingServerList@535a6697
2019-09-28 12:45:58.352  INFO 11216 --- [main] c.netflix.config.ChainedDynamicProperty  : Flipping property: reliable-order-request-manager.ribbon.ActiveConnectionsLimit to use NEXT property: niws.loadbalancer.availabilityFilteringRule.activeConnectionsLimit = 2147483647
2019-09-28 12:45:58.354  INFO 11216 --- [main] c.n.u.concurrent.ShutdownEnabledTimer    : Shutdown hook installed for: NFLoadBalancer-PingTimer-reliable-order-request-manager
2019-09-28 12:45:58.354  INFO 11216 --- [main] c.netflix.loadbalancer.BaseLoadBalancer  : Client: reliable-order-request-manager instantiated a LoadBalancer: DynamicServerListLoadBalancer:{NFLoadBalancer:name=reliable-order-request-manager,current list of Servers=[],Load balancer stats=Zone stats: {},Server stats: []}ServerList:null
2019-09-28 12:45:58.355  INFO 11216 --- [main] c.n.l.DynamicServerListLoadBalancer      : Using serverListUpdater PollingServerListUpdater
2019-09-28 12:45:58.356  INFO 11216 --- [main] c.netflix.config.ChainedDynamicProperty  : Flipping property: reliable-order-request-manager.ribbon.ActiveConnectionsLimit to use NEXT property: niws.loadbalancer.availabilityFilteringRule.activeConnectionsLimit = 2147483647
2019-09-28 12:45:58.357  INFO 11216 --- [main] c.n.l.DynamicServerListLoadBalancer      : DynamicServerListLoadBalancer for client reliable-order-request-manager initialized: DynamicServerListLoadBalancer:{NFLoadBalancer:name=reliable-order-request-manager,current list of Servers=[47.104.72.15:8840],Load balancer stats=Zone stats: {defaultzone=[Zone:defaultzone;	Instance count:1;	Active connections count: 0;	Circuit breaker tripped count: 0;	Active connections per server: 0.0;]
},Server stats: [[Server:47.104.72.15:8840;	Zone:defaultZone;	Total Requests:0;	Successive connection failure:0;	Total blackout seconds:0;	Last connection made:Thu Jan 01 08:00:00 CST 1970;	First connection made: Thu Jan 01 08:00:00 CST 1970;	Active Connections:0;	total failure count in last (1000) msecs:0;	average resp time:0.0;	90 percentile resp time:0.0;	95 percentile resp time:0.0;	min resp time:0.0;	max resp time:0.0;	stddev resp time:0.0]
]}ServerList:org.springframework.cloud.netflix.ribbon.eureka.DomainExtractingServerList@1f6e6f50
2019-09-28 12:45:58.390  INFO 11216 --- [main] c.netflix.config.ChainedDynamicProperty  : Flipping property: reliable-order-response-manager.ribbon.ActiveConnectionsLimit to use NEXT property: niws.loadbalancer.availabilityFilteringRule.activeConnectionsLimit = 2147483647
2019-09-28 12:45:58.391  INFO 11216 --- [main] c.n.u.concurrent.ShutdownEnabledTimer    : Shutdown hook installed for: NFLoadBalancer-PingTimer-reliable-order-response-manager
2019-09-28 12:45:58.391  INFO 11216 --- [main] c.netflix.loadbalancer.BaseLoadBalancer  : Client: reliable-order-response-manager instantiated a LoadBalancer: DynamicServerListLoadBalancer:{NFLoadBalancer:name=reliable-order-response-manager,current list of Servers=[],Load balancer stats=Zone stats: {},Server stats: []}ServerList:null
2019-09-28 12:45:58.392  INFO 11216 --- [main] c.n.l.DynamicServerListLoadBalancer      : Using serverListUpdater PollingServerListUpdater
2019-09-28 12:45:58.394  INFO 11216 --- [main] c.netflix.config.ChainedDynamicProperty  : Flipping property: reliable-order-response-manager.ribbon.ActiveConnectionsLimit to use NEXT property: niws.loadbalancer.availabilityFilteringRule.activeConnectionsLimit = 2147483647
2019-09-28 12:45:58.394  INFO 11216 --- [main] c.n.l.DynamicServerListLoadBalancer      : DynamicServerListLoadBalancer for client reliable-order-response-manager initialized: DynamicServerListLoadBalancer:{NFLoadBalancer:name=reliable-order-response-manager,current list of Servers=[47.104.72.15:8850],Load balancer stats=Zone stats: {defaultzone=[Zone:defaultzone;	Instance count:1;	Active connections count: 0;	Circuit breaker tripped count: 0;	Active connections per server: 0.0;]
},Server stats: [[Server:47.104.72.15:8850;	Zone:defaultZone;	Total Requests:0;	Successive connection failure:0;	Total blackout seconds:0;	Last connection made:Thu Jan 01 08:00:00 CST 1970;	First connection made: Thu Jan 01 08:00:00 CST 1970;	Active Connections:0;	total failure count in last (1000) msecs:0;	average resp time:0.0;	90 percentile resp time:0.0;	95 percentile resp time:0.0;	min resp time:0.0;	max resp time:0.0;	stddev resp time:0.0]
]}ServerList:org.springframework.cloud.netflix.ribbon.eureka.DomainExtractingServerList@47374fa5
2019-09-28 12:45:58.428  INFO 11216 --- [main] c.netflix.config.ChainedDynamicProperty  : Flipping property: reliable-refund-response-manager.ribbon.ActiveConnectionsLimit to use NEXT property: niws.loadbalancer.availabilityFilteringRule.activeConnectionsLimit = 2147483647
2019-09-28 12:45:58.429  INFO 11216 --- [main] c.n.u.concurrent.ShutdownEnabledTimer    : Shutdown hook installed for: NFLoadBalancer-PingTimer-reliable-refund-response-manager
2019-09-28 12:45:58.429  INFO 11216 --- [main] c.netflix.loadbalancer.BaseLoadBalancer  : Client: reliable-refund-response-manager instantiated a LoadBalancer: DynamicServerListLoadBalancer:{NFLoadBalancer:name=reliable-refund-response-manager,current list of Servers=[],Load balancer stats=Zone stats: {},Server stats: []}ServerList:null
2019-09-28 12:45:58.430  INFO 11216 --- [main] c.n.l.DynamicServerListLoadBalancer      : Using serverListUpdater PollingServerListUpdater
2019-09-28 12:45:58.431  INFO 11216 --- [main] c.netflix.config.ChainedDynamicProperty  : Flipping property: reliable-refund-response-manager.ribbon.ActiveConnectionsLimit to use NEXT property: niws.loadbalancer.availabilityFilteringRule.activeConnectionsLimit = 2147483647
2019-09-28 12:45:58.433  INFO 11216 --- [main] c.n.l.DynamicServerListLoadBalancer      : DynamicServerListLoadBalancer for client reliable-refund-response-manager initialized: DynamicServerListLoadBalancer:{NFLoadBalancer:name=reliable-refund-response-manager,current list of Servers=[47.104.72.15:8870],Load balancer stats=Zone stats: {defaultzone=[Zone:defaultzone;	Instance count:1;	Active connections count: 0;	Circuit breaker tripped count: 0;	Active connections per server: 0.0;]
},Server stats: [[Server:47.104.72.15:8870;	Zone:defaultZone;	Total Requests:0;	Successive connection failure:0;	Total blackout seconds:0;	Last connection made:Thu Jan 01 08:00:00 CST 1970;	First connection made: Thu Jan 01 08:00:00 CST 1970;	Active Connections:0;	total failure count in last (1000) msecs:0;	average resp time:0.0;	90 percentile resp time:0.0;	95 percentile resp time:0.0;	min resp time:0.0;	max resp time:0.0;	stddev resp time:0.0]
]}ServerList:org.springframework.cloud.netflix.ribbon.eureka.DomainExtractingServerList@6d946eee
2019-09-28 12:45:58.470  INFO 11216 --- [main] c.netflix.config.ChainedDynamicProperty  : Flipping property: reliable-refund-request-manager.ribbon.ActiveConnectionsLimit to use NEXT property: niws.loadbalancer.availabilityFilteringRule.activeConnectionsLimit = 2147483647
2019-09-28 12:45:58.472  INFO 11216 --- [main] c.n.u.concurrent.ShutdownEnabledTimer    : Shutdown hook installed for: NFLoadBalancer-PingTimer-reliable-refund-request-manager
2019-09-28 12:45:58.472  INFO 11216 --- [main] c.netflix.loadbalancer.BaseLoadBalancer  : Client: reliable-refund-request-manager instantiated a LoadBalancer: DynamicServerListLoadBalancer:{NFLoadBalancer:name=reliable-refund-request-manager,current list of Servers=[],Load balancer stats=Zone stats: {},Server stats: []}ServerList:null
2019-09-28 12:45:58.473  INFO 11216 --- [main] c.n.l.DynamicServerListLoadBalancer      : Using serverListUpdater PollingServerListUpdater
2019-09-28 12:45:58.474  INFO 11216 --- [main] c.netflix.config.ChainedDynamicProperty  : Flipping property: reliable-refund-request-manager.ribbon.ActiveConnectionsLimit to use NEXT property: niws.loadbalancer.availabilityFilteringRule.activeConnectionsLimit = 2147483647
2019-09-28 12:45:58.475  INFO 11216 --- [main] c.n.l.DynamicServerListLoadBalancer      : DynamicServerListLoadBalancer for client reliable-refund-request-manager initialized: DynamicServerListLoadBalancer:{NFLoadBalancer:name=reliable-refund-request-manager,current list of Servers=[47.104.72.15:8860],Load balancer stats=Zone stats: {defaultzone=[Zone:defaultzone;	Instance count:1;	Active connections count: 0;	Circuit breaker tripped count: 0;	Active connections per server: 0.0;]
},Server stats: [[Server:47.104.72.15:8860;	Zone:defaultZone;	Total Requests:0;	Successive connection failure:0;	Total blackout seconds:0;	Last connection made:Thu Jan 01 08:00:00 CST 1970;	First connection made: Thu Jan 01 08:00:00 CST 1970;	Active Connections:0;	total failure count in last (1000) msecs:0;	average resp time:0.0;	90 percentile resp time:0.0;	95 percentile resp time:0.0;	min resp time:0.0;	max resp time:0.0;	stddev resp time:0.0]
]}ServerList:org.springframework.cloud.netflix.ribbon.eureka.DomainExtractingServerList@478c84aa
2019-09-28 12:45:58.478  INFO 11216 --- [PollingServerListUpdater-0] c.netflix.config.ChainedDynamicProperty  : Flipping property: reliable-draft-manager.ribbon.ActiveConnectionsLimit to use NEXT property: niws.loadbalancer.availabilityFilteringRule.activeConnectionsLimit = 2147483647
2019-09-28 12:45:58.540  INFO 11216 --- [main] c.netflix.config.ChainedDynamicProperty  : Flipping property: reliable-activityinfo-manager.ribbon.ActiveConnectionsLimit to use NEXT property: niws.loadbalancer.availabilityFilteringRule.activeConnectionsLimit = 2147483647
2019-09-28 12:45:58.542  INFO 11216 --- [main] c.n.u.concurrent.ShutdownEnabledTimer    : Shutdown hook installed for: NFLoadBalancer-PingTimer-reliable-activityinfo-manager
2019-09-28 12:45:58.543  INFO 11216 --- [main] c.netflix.loadbalancer.BaseLoadBalancer  : Client: reliable-activityinfo-manager instantiated a LoadBalancer: DynamicServerListLoadBalancer:{NFLoadBalancer:name=reliable-activityinfo-manager,current list of Servers=[],Load balancer stats=Zone stats: {},Server stats: []}ServerList:null
2019-09-28 12:45:58.544  INFO 11216 --- [main] c.n.l.DynamicServerListLoadBalancer      : Using serverListUpdater PollingServerListUpdater
2019-09-28 12:45:58.545  INFO 11216 --- [main] c.netflix.config.ChainedDynamicProperty  : Flipping property: reliable-activityinfo-manager.ribbon.ActiveConnectionsLimit to use NEXT property: niws.loadbalancer.availabilityFilteringRule.activeConnectionsLimit = 2147483647
2019-09-28 12:45:58.546  INFO 11216 --- [main] c.n.l.DynamicServerListLoadBalancer      : DynamicServerListLoadBalancer for client reliable-activityinfo-manager initialized: DynamicServerListLoadBalancer:{NFLoadBalancer:name=reliable-activityinfo-manager,current list of Servers=[47.104.72.15:8830],Load balancer stats=Zone stats: {defaultzone=[Zone:defaultzone;	Instance count:1;	Active connections count: 0;	Circuit breaker tripped count: 0;	Active connections per server: 0.0;]
},Server stats: [[Server:47.104.72.15:8830;	Zone:defaultZone;	Total Requests:0;	Successive connection failure:0;	Total blackout seconds:0;	Last connection made:Thu Jan 01 08:00:00 CST 1970;	First connection made: Thu Jan 01 08:00:00 CST 1970;	Active Connections:0;	total failure count in last (1000) msecs:0;	average resp time:0.0;	90 percentile resp time:0.0;	95 percentile resp time:0.0;	min resp time:0.0;	max resp time:0.0;	stddev resp time:0.0]
]}ServerList:org.springframework.cloud.netflix.ribbon.eureka.DomainExtractingServerList@402676e3
2019-09-28 12:45:58.609  INFO 11216 --- [main] c.netflix.config.ChainedDynamicProperty  : Flipping property: reliable-data-center.ribbon.ActiveConnectionsLimit to use NEXT property: niws.loadbalancer.availabilityFilteringRule.activeConnectionsLimit = 2147483647
2019-09-28 12:45:58.610  INFO 11216 --- [main] c.n.u.concurrent.ShutdownEnabledTimer    : Shutdown hook installed for: NFLoadBalancer-PingTimer-reliable-data-center
2019-09-28 12:45:58.611  INFO 11216 --- [main] c.netflix.loadbalancer.BaseLoadBalancer  : Client: reliable-data-center instantiated a LoadBalancer: DynamicServerListLoadBalancer:{NFLoadBalancer:name=reliable-data-center,current list of Servers=[],Load balancer stats=Zone stats: {},Server stats: []}ServerList:null
2019-09-28 12:45:58.611  INFO 11216 --- [main] c.n.l.DynamicServerListLoadBalancer      : Using serverListUpdater PollingServerListUpdater
2019-09-28 12:45:58.612  INFO 11216 --- [main] c.netflix.config.ChainedDynamicProperty  : Flipping property: reliable-data-center.ribbon.ActiveConnectionsLimit to use NEXT property: niws.loadbalancer.availabilityFilteringRule.activeConnectionsLimit = 2147483647
2019-09-28 12:45:58.613  INFO 11216 --- [main] c.n.l.DynamicServerListLoadBalancer      : DynamicServerListLoadBalancer for client reliable-data-center initialized: DynamicServerListLoadBalancer:{NFLoadBalancer:name=reliable-data-center,current list of Servers=[47.104.82.217:8888],Load balancer stats=Zone stats: {defaultzone=[Zone:defaultzone;	Instance count:1;	Active connections count: 0;	Circuit breaker tripped count: 0;	Active connections per server: 0.0;]
},Server stats: [[Server:47.104.82.217:8888;	Zone:defaultZone;	Total Requests:0;	Successive connection failure:0;	Total blackout seconds:0;	Last connection made:Thu Jan 01 08:00:00 CST 1970;	First connection made: Thu Jan 01 08:00:00 CST 1970;	Active Connections:0;	total failure count in last (1000) msecs:0;	average resp time:0.0;	90 percentile resp time:0.0;	95 percentile resp time:0.0;	min resp time:0.0;	max resp time:0.0;	stddev resp time:0.0]
]}ServerList:org.springframework.cloud.netflix.ribbon.eureka.DomainExtractingServerList@3dc39412
2019-09-28 12:45:58.646  INFO 11216 --- [main] c.netflix.config.ChainedDynamicProperty  : Flipping property: reliable-actid-manager.ribbon.ActiveConnectionsLimit to use NEXT property: niws.loadbalancer.availabilityFilteringRule.activeConnectionsLimit = 2147483647
2019-09-28 12:45:58.648  INFO 11216 --- [main] c.n.u.concurrent.ShutdownEnabledTimer    : Shutdown hook installed for: NFLoadBalancer-PingTimer-reliable-actid-manager
2019-09-28 12:45:58.648  INFO 11216 --- [main] c.netflix.loadbalancer.BaseLoadBalancer  : Client: reliable-actid-manager instantiated a LoadBalancer: DynamicServerListLoadBalancer:{NFLoadBalancer:name=reliable-actid-manager,current list of Servers=[],Load balancer stats=Zone stats: {},Server stats: []}ServerList:null
2019-09-28 12:45:58.649  INFO 11216 --- [main] c.n.l.DynamicServerListLoadBalancer      : Using serverListUpdater PollingServerListUpdater
2019-09-28 12:45:58.650  INFO 11216 --- [main] c.netflix.config.ChainedDynamicProperty  : Flipping property: reliable-actid-manager.ribbon.ActiveConnectionsLimit to use NEXT property: niws.loadbalancer.availabilityFilteringRule.activeConnectionsLimit = 2147483647
2019-09-28 12:45:58.650  INFO 11216 --- [main] c.n.l.DynamicServerListLoadBalancer      : DynamicServerListLoadBalancer for client reliable-actid-manager initialized: DynamicServerListLoadBalancer:{NFLoadBalancer:name=reliable-actid-manager,current list of Servers=[47.92.98.17:8810],Load balancer stats=Zone stats: {defaultzone=[Zone:defaultzone;	Instance count:1;	Active connections count: 0;	Circuit breaker tripped count: 0;	Active connections per server: 0.0;]
},Server stats: [[Server:47.92.98.17:8810;	Zone:defaultZone;	Total Requests:0;	Successive connection failure:0;	Total blackout seconds:0;	Last connection made:Thu Jan 01 08:00:00 CST 1970;	First connection made: Thu Jan 01 08:00:00 CST 1970;	Active Connections:0;	total failure count in last (1000) msecs:0;	average resp time:0.0;	90 percentile resp time:0.0;	95 percentile resp time:0.0;	min resp time:0.0;	max resp time:0.0;	stddev resp time:0.0]
]}ServerList:org.springframework.cloud.netflix.ribbon.eureka.DomainExtractingServerList@2cc9a948
2019-09-28 12:45:58.692  INFO 11216 --- [main] c.netflix.config.ChainedDynamicProperty  : Flipping property: reliable-openid-manager.ribbon.ActiveConnectionsLimit to use NEXT property: niws.loadbalancer.availabilityFilteringRule.activeConnectionsLimit = 2147483647
2019-09-28 12:45:58.694  INFO 11216 --- [main] c.n.u.concurrent.ShutdownEnabledTimer    : Shutdown hook installed for: NFLoadBalancer-PingTimer-reliable-openid-manager
2019-09-28 12:45:58.694  INFO 11216 --- [main] c.netflix.loadbalancer.BaseLoadBalancer  : Client: reliable-openid-manager instantiated a LoadBalancer: DynamicServerListLoadBalancer:{NFLoadBalancer:name=reliable-openid-manager,current list of Servers=[],Load balancer stats=Zone stats: {},Server stats: []}ServerList:null
2019-09-28 12:45:58.695  INFO 11216 --- [main] c.n.l.DynamicServerListLoadBalancer      : Using serverListUpdater PollingServerListUpdater
2019-09-28 12:45:58.696  INFO 11216 --- [main] c.netflix.config.ChainedDynamicProperty  : Flipping property: reliable-openid-manager.ribbon.ActiveConnectionsLimit to use NEXT property: niws.loadbalancer.availabilityFilteringRule.activeConnectionsLimit = 2147483647
2019-09-28 12:45:58.697  INFO 11216 --- [main] c.n.l.DynamicServerListLoadBalancer      : DynamicServerListLoadBalancer for client reliable-openid-manager initialized: DynamicServerListLoadBalancer:{NFLoadBalancer:name=reliable-openid-manager,current list of Servers=[47.92.98.17:8820],Load balancer stats=Zone stats: {defaultzone=[Zone:defaultzone;	Instance count:1;	Active connections count: 0;	Circuit breaker tripped count: 0;	Active connections per server: 0.0;]
},Server stats: [[Server:47.92.98.17:8820;	Zone:defaultZone;	Total Requests:0;	Successive connection failure:0;	Total blackout seconds:0;	Last connection made:Thu Jan 01 08:00:00 CST 1970;	First connection made: Thu Jan 01 08:00:00 CST 1970;	Active Connections:0;	total failure count in last (1000) msecs:0;	average resp time:0.0;	90 percentile resp time:0.0;	95 percentile resp time:0.0;	min resp time:0.0;	max resp time:0.0;	stddev resp time:0.0]
]}ServerList:org.springframework.cloud.netflix.ribbon.eureka.DomainExtractingServerList@31b7112d
2019-09-28 12:45:58.761  INFO 11216 --- [main] c.netflix.config.ChainedDynamicProperty  : Flipping property: reliable-activity-info-manager.ribbon.ActiveConnectionsLimit to use NEXT property: niws.loadbalancer.availabilityFilteringRule.activeConnectionsLimit = 2147483647
2019-09-28 12:45:58.763  INFO 11216 --- [main] c.n.u.concurrent.ShutdownEnabledTimer    : Shutdown hook installed for: NFLoadBalancer-PingTimer-reliable-activity-info-manager
2019-09-28 12:45:58.764  INFO 11216 --- [main] c.netflix.loadbalancer.BaseLoadBalancer  : Client: reliable-activity-info-manager instantiated a LoadBalancer: DynamicServerListLoadBalancer:{NFLoadBalancer:name=reliable-activity-info-manager,current list of Servers=[],Load balancer stats=Zone stats: {},Server stats: []}ServerList:null
2019-09-28 12:45:58.765  INFO 11216 --- [main] c.n.l.DynamicServerListLoadBalancer      : Using serverListUpdater PollingServerListUpdater
2019-09-28 12:45:58.767  INFO 11216 --- [main] c.netflix.config.ChainedDynamicProperty  : Flipping property: reliable-activity-info-manager.ribbon.ActiveConnectionsLimit to use NEXT property: niws.loadbalancer.availabilityFilteringRule.activeConnectionsLimit = 2147483647
2019-09-28 12:45:58.768  INFO 11216 --- [main] c.n.l.DynamicServerListLoadBalancer      : DynamicServerListLoadBalancer for client reliable-activity-info-manager initialized: DynamicServerListLoadBalancer:{NFLoadBalancer:name=reliable-activity-info-manager,current list of Servers=[47.92.98.17:8850],Load balancer stats=Zone stats: {defaultzone=[Zone:defaultzone;	Instance count:1;	Active connections count: 0;	Circuit breaker tripped count: 0;	Active connections per server: 0.0;]
},Server stats: [[Server:47.92.98.17:8850;	Zone:defaultZone;	Total Requests:0;	Successive connection failure:0;	Total blackout seconds:0;	Last connection made:Thu Jan 01 08:00:00 CST 1970;	First connection made: Thu Jan 01 08:00:00 CST 1970;	Active Connections:0;	total failure count in last (1000) msecs:0;	average resp time:0.0;	90 percentile resp time:0.0;	95 percentile resp time:0.0;	min resp time:0.0;	max resp time:0.0;	stddev resp time:0.0]
]}ServerList:org.springframework.cloud.netflix.ribbon.eureka.DomainExtractingServerList@192ecf8
2019-09-28 12:45:58.819  INFO 11216 --- [main] c.netflix.config.ChainedDynamicProperty  : Flipping property: reliable-wechat-pay.ribbon.ActiveConnectionsLimit to use NEXT property: niws.loadbalancer.availabilityFilteringRule.activeConnectionsLimit = 2147483647
2019-09-28 12:45:58.821  INFO 11216 --- [main] c.n.u.concurrent.ShutdownEnabledTimer    : Shutdown hook installed for: NFLoadBalancer-PingTimer-reliable-wechat-pay
2019-09-28 12:45:58.821  INFO 11216 --- [main] c.netflix.loadbalancer.BaseLoadBalancer  : Client: reliable-wechat-pay instantiated a LoadBalancer: DynamicServerListLoadBalancer:{NFLoadBalancer:name=reliable-wechat-pay,current list of Servers=[],Load balancer stats=Zone stats: {},Server stats: []}ServerList:null
2019-09-28 12:45:58.823  INFO 11216 --- [main] c.n.l.DynamicServerListLoadBalancer      : Using serverListUpdater PollingServerListUpdater
2019-09-28 12:45:58.824  INFO 11216 --- [main] c.netflix.config.ChainedDynamicProperty  : Flipping property: reliable-wechat-pay.ribbon.ActiveConnectionsLimit to use NEXT property: niws.loadbalancer.availabilityFilteringRule.activeConnectionsLimit = 2147483647
2019-09-28 12:45:58.826  INFO 11216 --- [main] c.n.l.DynamicServerListLoadBalancer      : DynamicServerListLoadBalancer for client reliable-wechat-pay initialized: DynamicServerListLoadBalancer:{NFLoadBalancer:name=reliable-wechat-pay,current list of Servers=[47.92.98.17:8210],Load balancer stats=Zone stats: {defaultzone=[Zone:defaultzone;	Instance count:1;	Active connections count: 0;	Circuit breaker tripped count: 0;	Active connections per server: 0.0;]
},Server stats: [[Server:47.92.98.17:8210;	Zone:defaultZone;	Total Requests:0;	Successive connection failure:0;	Total blackout seconds:0;	Last connection made:Thu Jan 01 08:00:00 CST 1970;	First connection made: Thu Jan 01 08:00:00 CST 1970;	Active Connections:0;	total failure count in last (1000) msecs:0;	average resp time:0.0;	90 percentile resp time:0.0;	95 percentile resp time:0.0;	min resp time:0.0;	max resp time:0.0;	stddev resp time:0.0]
]}ServerList:org.springframework.cloud.netflix.ribbon.eureka.DomainExtractingServerList@421d7900
2019-09-28 12:45:58.895  INFO 11216 --- [main] c.netflix.config.ChainedDynamicProperty  : Flipping property: reliable-wechat-pay-id-manager.ribbon.ActiveConnectionsLimit to use NEXT property: niws.loadbalancer.availabilityFilteringRule.activeConnectionsLimit = 2147483647
2019-09-28 12:45:58.897  INFO 11216 --- [main] c.n.u.concurrent.ShutdownEnabledTimer    : Shutdown hook installed for: NFLoadBalancer-PingTimer-reliable-wechat-pay-id-manager
2019-09-28 12:45:58.897  INFO 11216 --- [main] c.netflix.loadbalancer.BaseLoadBalancer  : Client: reliable-wechat-pay-id-manager instantiated a LoadBalancer: DynamicServerListLoadBalancer:{NFLoadBalancer:name=reliable-wechat-pay-id-manager,current list of Servers=[],Load balancer stats=Zone stats: {},Server stats: []}ServerList:null
2019-09-28 12:45:58.898  INFO 11216 --- [main] c.n.l.DynamicServerListLoadBalancer      : Using serverListUpdater PollingServerListUpdater
2019-09-28 12:45:58.901  INFO 11216 --- [main] c.netflix.config.ChainedDynamicProperty  : Flipping property: reliable-wechat-pay-id-manager.ribbon.ActiveConnectionsLimit to use NEXT property: niws.loadbalancer.availabilityFilteringRule.activeConnectionsLimit = 2147483647
2019-09-28 12:45:58.902  INFO 11216 --- [main] c.n.l.DynamicServerListLoadBalancer      : DynamicServerListLoadBalancer for client reliable-wechat-pay-id-manager initialized: DynamicServerListLoadBalancer:{NFLoadBalancer:name=reliable-wechat-pay-id-manager,current list of Servers=[47.92.98.17:8230],Load balancer stats=Zone stats: {defaultzone=[Zone:defaultzone;	Instance count:1;	Active connections count: 0;	Circuit breaker tripped count: 0;	Active connections per server: 0.0;]
},Server stats: [[Server:47.92.98.17:8230;	Zone:defaultZone;	Total Requests:0;	Successive connection failure:0;	Total blackout seconds:0;	Last connection made:Thu Jan 01 08:00:00 CST 1970;	First connection made: Thu Jan 01 08:00:00 CST 1970;	Active Connections:0;	total failure count in last (1000) msecs:0;	average resp time:0.0;	90 percentile resp time:0.0;	95 percentile resp time:0.0;	min resp time:0.0;	max resp time:0.0;	stddev resp time:0.0]
]}ServerList:org.springframework.cloud.netflix.ribbon.eureka.DomainExtractingServerList@3c2fa57a
2019-09-28 12:45:58.966  INFO 11216 --- [main] c.netflix.config.ChainedDynamicProperty  : Flipping property: reliable-wechat-jsapi-manager.ribbon.ActiveConnectionsLimit to use NEXT property: niws.loadbalancer.availabilityFilteringRule.activeConnectionsLimit = 2147483647
2019-09-28 12:45:58.970  INFO 11216 --- [main] c.n.u.concurrent.ShutdownEnabledTimer    : Shutdown hook installed for: NFLoadBalancer-PingTimer-reliable-wechat-jsapi-manager
2019-09-28 12:45:58.970  INFO 11216 --- [main] c.netflix.loadbalancer.BaseLoadBalancer  : Client: reliable-wechat-jsapi-manager instantiated a LoadBalancer: DynamicServerListLoadBalancer:{NFLoadBalancer:name=reliable-wechat-jsapi-manager,current list of Servers=[],Load balancer stats=Zone stats: {},Server stats: []}ServerList:null
2019-09-28 12:45:58.971  INFO 11216 --- [main] c.n.l.DynamicServerListLoadBalancer      : Using serverListUpdater PollingServerListUpdater
2019-09-28 12:45:58.974  INFO 11216 --- [main] c.netflix.config.ChainedDynamicProperty  : Flipping property: reliable-wechat-jsapi-manager.ribbon.ActiveConnectionsLimit to use NEXT property: niws.loadbalancer.availabilityFilteringRule.activeConnectionsLimit = 2147483647
2019-09-28 12:45:58.975  INFO 11216 --- [main] c.n.l.DynamicServerListLoadBalancer      : DynamicServerListLoadBalancer for client reliable-wechat-jsapi-manager initialized: DynamicServerListLoadBalancer:{NFLoadBalancer:name=reliable-wechat-jsapi-manager,current list of Servers=[47.92.98.17:8240],Load balancer stats=Zone stats: {defaultzone=[Zone:defaultzone;	Instance count:1;	Active connections count: 0;	Circuit breaker tripped count: 0;	Active connections per server: 0.0;]
},Server stats: [[Server:47.92.98.17:8240;	Zone:defaultZone;	Total Requests:0;	Successive connection failure:0;	Total blackout seconds:0;	Last connection made:Thu Jan 01 08:00:00 CST 1970;	First connection made: Thu Jan 01 08:00:00 CST 1970;	Active Connections:0;	total failure count in last (1000) msecs:0;	average resp time:0.0;	90 percentile resp time:0.0;	95 percentile resp time:0.0;	min resp time:0.0;	max resp time:0.0;	stddev resp time:0.0]
]}ServerList:org.springframework.cloud.netflix.ribbon.eureka.DomainExtractingServerList@3183a37c
2019-09-28 12:45:59.110  INFO 11216 --- [main] o.s.a.r.c.CachingConnectionFactory       : Attempting to connect to: [39.98.38.238:8310]
2019-09-28 12:45:59.160  INFO 11216 --- [PollingServerListUpdater-1] c.netflix.config.ChainedDynamicProperty  : Flipping property: reliable-draftid-manager.ribbon.ActiveConnectionsLimit to use NEXT property: niws.loadbalancer.availabilityFilteringRule.activeConnectionsLimit = 2147483647
2019-09-28 12:45:59.220  INFO 11216 --- [PollingServerListUpdater-0] c.netflix.config.ChainedDynamicProperty  : Flipping property: reliable-order-notify-manager.ribbon.ActiveConnectionsLimit to use NEXT property: niws.loadbalancer.availabilityFilteringRule.activeConnectionsLimit = 2147483647
2019-09-28 12:45:59.286  INFO 11216 --- [PollingServerListUpdater-1] c.netflix.config.ChainedDynamicProperty  : Flipping property: reliable-refund-notify-manager.ribbon.ActiveConnectionsLimit to use NEXT property: niws.loadbalancer.availabilityFilteringRule.activeConnectionsLimit = 2147483647
2019-09-28 12:45:59.357  INFO 11216 --- [PollingServerListUpdater-0] c.netflix.config.ChainedDynamicProperty  : Flipping property: reliable-order-request-manager.ribbon.ActiveConnectionsLimit to use NEXT property: niws.loadbalancer.availabilityFilteringRule.activeConnectionsLimit = 2147483647
2019-09-28 12:45:59.393  INFO 11216 --- [PollingServerListUpdater-1] c.netflix.config.ChainedDynamicProperty  : Flipping property: reliable-order-response-manager.ribbon.ActiveConnectionsLimit to use NEXT property: niws.loadbalancer.availabilityFilteringRule.activeConnectionsLimit = 2147483647
2019-09-28 12:45:59.432  INFO 11216 --- [PollingServerListUpdater-0] c.netflix.config.ChainedDynamicProperty  : Flipping property: reliable-refund-response-manager.ribbon.ActiveConnectionsLimit to use NEXT property: niws.loadbalancer.availabilityFilteringRule.activeConnectionsLimit = 2147483647
2019-09-28 12:45:59.474  INFO 11216 --- [PollingServerListUpdater-1] c.netflix.config.ChainedDynamicProperty  : Flipping property: reliable-refund-request-manager.ribbon.ActiveConnectionsLimit to use NEXT property: niws.loadbalancer.availabilityFilteringRule.activeConnectionsLimit = 2147483647
2019-09-28 12:45:59.512  INFO 11216 --- [main] o.s.a.r.c.CachingConnectionFactory       : Created new connection: rabbitConnectionFactory#7ed7ae:0/SimpleConnection@77aeba9b [delegate=amqp://guest@39.98.38.238:8310/, localPort= 58372]
2019-09-28 12:45:59.546  INFO 11216 --- [PollingServerListUpdater-0] c.netflix.config.ChainedDynamicProperty  : Flipping property: reliable-activityinfo-manager.ribbon.ActiveConnectionsLimit to use NEXT property: niws.loadbalancer.availabilityFilteringRule.activeConnectionsLimit = 2147483647
2019-09-28 12:45:59.613  INFO 11216 --- [PollingServerListUpdater-1] c.netflix.config.ChainedDynamicProperty  : Flipping property: reliable-data-center.ribbon.ActiveConnectionsLimit to use NEXT property: niws.loadbalancer.availabilityFilteringRule.activeConnectionsLimit = 2147483647
2019-09-28 12:45:59.651  INFO 11216 --- [PollingServerListUpdater-0] c.netflix.config.ChainedDynamicProperty  : Flipping property: reliable-actid-manager.ribbon.ActiveConnectionsLimit to use NEXT property: niws.loadbalancer.availabilityFilteringRule.activeConnectionsLimit = 2147483647
2019-09-28 12:45:59.926  INFO 11216 --- [PollingServerListUpdater-1] c.netflix.config.ChainedDynamicProperty  : Flipping property: reliable-openid-manager.ribbon.ActiveConnectionsLimit to use NEXT property: niws.loadbalancer.availabilityFilteringRule.activeConnectionsLimit = 2147483647
2019-09-28 12:45:59.926  INFO 11216 --- [PollingServerListUpdater-0] c.netflix.config.ChainedDynamicProperty  : Flipping property: reliable-activity-info-manager.ribbon.ActiveConnectionsLimit to use NEXT property: niws.loadbalancer.availabilityFilteringRule.activeConnectionsLimit = 2147483647
2019-09-28 12:45:59.929  INFO 11216 --- [PollingServerListUpdater-1] c.netflix.config.ChainedDynamicProperty  : Flipping property: reliable-wechat-pay-id-manager.ribbon.ActiveConnectionsLimit to use NEXT property: niws.loadbalancer.availabilityFilteringRule.activeConnectionsLimit = 2147483647
2019-09-28 12:45:59.929  INFO 11216 --- [PollingServerListUpdater-0] c.netflix.config.ChainedDynamicProperty  : Flipping property: reliable-wechat-pay.ribbon.ActiveConnectionsLimit to use NEXT property: niws.loadbalancer.availabilityFilteringRule.activeConnectionsLimit = 2147483647
2019-09-28 12:45:59.974  INFO 11216 --- [PollingServerListUpdater-1] c.netflix.config.ChainedDynamicProperty  : Flipping property: reliable-wechat-jsapi-manager.ribbon.ActiveConnectionsLimit to use NEXT property: niws.loadbalancer.availabilityFilteringRule.activeConnectionsLimit = 2147483647
2019-09-28 12:46:00.063  INFO 11216 --- [main] o.s.c.s.m.DirectWithAttributesChannel    : Channel 'reliable-clear-center-1.springCloudBusOutput' has 1 subscriber(s).
2019-09-28 12:46:00.068  INFO 11216 --- [main] o.s.c.n.e.s.EurekaServiceRegistry        : Registering application RELIABLE-CLEAR-CENTER with eureka with status UP
2019-09-28 12:46:00.069  INFO 11216 --- [main] com.netflix.discovery.DiscoveryClient    : Saw local status change event StatusChangeEvent [timestamp=1569645960069, current=UP, previous=STARTING]
2019-09-28 12:46:00.072  INFO 11216 --- [DiscoveryClient-InstanceInfoReplicator-0] com.netflix.discovery.DiscoveryClient    : DiscoveryClient_RELIABLE-CLEAR-CENTER/localhost:reliable-clear-center:8870: registering service...
2019-09-28 12:46:00.109  INFO 11216 --- [main] c.s.b.r.p.RabbitExchangeQueueProvisioner : declaring queue for inbound: springCloudBus.anonymous.ozlGH_GPRnGHVn-FmcHJvw, bound to: springCloudBus
2019-09-28 12:46:00.196  INFO 11216 --- [DiscoveryClient-InstanceInfoReplicator-0] com.netflix.discovery.DiscoveryClient    : DiscoveryClient_RELIABLE-CLEAR-CENTER/localhost:reliable-clear-center:8870 - registration status: 204
2019-09-28 12:46:00.362  INFO 11216 --- [main] o.s.i.monitor.IntegrationMBeanExporter   : Registering MessageChannel springCloudBus.anonymous.ozlGH_GPRnGHVn-FmcHJvw.errors
2019-09-28 12:46:00.503  INFO 11216 --- [main] o.s.c.stream.binder.BinderErrorChannel   : Channel 'reliable-clear-center-1.springCloudBus.anonymous.ozlGH_GPRnGHVn-FmcHJvw.errors' has 1 subscriber(s).
2019-09-28 12:46:00.504  INFO 11216 --- [main] o.s.c.stream.binder.BinderErrorChannel   : Channel 'reliable-clear-center-1.springCloudBus.anonymous.ozlGH_GPRnGHVn-FmcHJvw.errors' has 2 subscriber(s).
2019-09-28 12:46:00.747  INFO 11216 --- [main] o.s.i.a.i.AmqpInboundChannelAdapter      : started inbound.springCloudBus.anonymous.ozlGH_GPRnGHVn-FmcHJvw
2019-09-28 12:46:01.766  INFO 11216 --- [main] o.s.b.web.embedded.netty.NettyWebServer  : Netty started on port(s): 8870
2019-09-28 12:46:01.769  INFO 11216 --- [main] .s.c.n.e.s.EurekaAutoServiceRegistration : Updating port to 8870
2019-09-28 12:46:03.727  INFO 11216 --- [main] o.s.cloud.commons.util.InetUtils         : Cannot determine local hostname
2019-09-28 12:46:03.727  INFO 11216 --- [main] .s.c.n.e.s.EurekaAutoServiceRegistration : Updating port to 8870
2019-09-28 12:46:03.729  INFO 11216 --- [main] o.x.r.ReliableClearCenterApplication     : Started ReliableClearCenterApplication in 31.624 seconds (JVM running for 33.061)
2019-09-28 12:46:06.429  INFO 11216 --- [RMI TCP Connection(10)-127.0.0.1] inMXBeanRegistrar$SpringApplicationAdmin : Application shutdown requested.
2019-09-28 12:46:06.430  INFO 11216 --- [RMI TCP Connection(10)-127.0.0.1] o.s.c.n.e.s.EurekaServiceRegistry        : Unregistering application RELIABLE-CLEAR-CENTER with eureka with status DOWN
2019-09-28 12:46:06.430  WARN 11216 --- [RMI TCP Connection(10)-127.0.0.1] com.netflix.discovery.DiscoveryClient    : Saw local status change event StatusChangeEvent [timestamp=1569645966430, current=DOWN, previous=UP]
2019-09-28 12:46:06.430  INFO 11216 --- [DiscoveryClient-InstanceInfoReplicator-0] com.netflix.discovery.DiscoveryClient    : DiscoveryClient_RELIABLE-CLEAR-CENTER/localhost:reliable-clear-center:8870: registering service...
2019-09-28 12:46:06.509  INFO 11216 --- [RMI TCP Connection(10)-127.0.0.1] o.s.a.r.l.SimpleMessageListenerContainer : Waiting for workers to finish.
2019-09-28 12:46:06.513  INFO 11216 --- [DiscoveryClient-InstanceInfoReplicator-0] com.netflix.discovery.DiscoveryClient    : DiscoveryClient_RELIABLE-CLEAR-CENTER/localhost:reliable-clear-center:8870 - registration status: 204
2019-09-28 12:46:06.855  INFO 11216 --- [RMI TCP Connection(10)-127.0.0.1] o.s.a.r.l.SimpleMessageListenerContainer : Successfully waited for workers to finish.
2019-09-28 12:46:06.855  INFO 11216 --- [RMI TCP Connection(10)-127.0.0.1] o.s.i.a.i.AmqpInboundChannelAdapter      : stopped inbound.springCloudBus.anonymous.ozlGH_GPRnGHVn-FmcHJvw
2019-09-28 12:46:06.858  INFO 11216 --- [RMI TCP Connection(10)-127.0.0.1] o.s.c.stream.binder.BinderErrorChannel   : Channel 'reliable-clear-center-1.springCloudBus.anonymous.ozlGH_GPRnGHVn-FmcHJvw.errors' has 1 subscriber(s).
2019-09-28 12:46:06.858  INFO 11216 --- [RMI TCP Connection(10)-127.0.0.1] o.s.c.stream.binder.BinderErrorChannel   : Channel 'reliable-clear-center-1.springCloudBus.anonymous.ozlGH_GPRnGHVn-FmcHJvw.errors' has 0 subscriber(s).
2019-09-28 12:46:06.862  INFO 11216 --- [RMI TCP Connection(10)-127.0.0.1] o.s.i.endpoint.EventDrivenConsumer       : Removing {logging-channel-adapter:_org.springframework.integration.errorLogger} as a subscriber to the 'errorChannel' channel
2019-09-28 12:46:06.862  INFO 11216 --- [RMI TCP Connection(10)-127.0.0.1] o.s.i.channel.PublishSubscribeChannel    : Channel 'reliable-clear-center-1.errorChannel' has 0 subscriber(s).
2019-09-28 12:46:06.863  INFO 11216 --- [RMI TCP Connection(10)-127.0.0.1] o.s.i.endpoint.EventDrivenConsumer       : stopped _org.springframework.integration.errorLogger
2019-09-28 12:46:06.998  INFO 11216 --- [RMI TCP Connection(10)-127.0.0.1] c.n.u.concurrent.ShutdownEnabledTimer    : Shutdown hook removed for: NFLoadBalancer-PingTimer-reliable-wechat-pay
2019-09-28 12:46:07.002  INFO 11216 --- [RMI TCP Connection(10)-127.0.0.1] c.n.u.concurrent.ShutdownEnabledTimer    : Shutdown hook removed for: NFLoadBalancer-PingTimer-reliable-wechat-jsapi-manager
2019-09-28 12:46:07.005  INFO 11216 --- [RMI TCP Connection(10)-127.0.0.1] c.n.u.concurrent.ShutdownEnabledTimer    : Shutdown hook removed for: NFLoadBalancer-PingTimer-reliable-order-notify-manager
2019-09-28 12:46:07.008  INFO 11216 --- [RMI TCP Connection(10)-127.0.0.1] c.n.u.concurrent.ShutdownEnabledTimer    : Shutdown hook removed for: NFLoadBalancer-PingTimer-reliable-order-request-manager
2019-09-28 12:46:07.010  INFO 11216 --- [RMI TCP Connection(10)-127.0.0.1] c.n.u.concurrent.ShutdownEnabledTimer    : Shutdown hook removed for: NFLoadBalancer-PingTimer-reliable-refund-request-manager
2019-09-28 12:46:07.013  INFO 11216 --- [RMI TCP Connection(10)-127.0.0.1] c.n.u.concurrent.ShutdownEnabledTimer    : Shutdown hook removed for: NFLoadBalancer-PingTimer-reliable-refund-notify-manager
2019-09-28 12:46:07.015  INFO 11216 --- [RMI TCP Connection(10)-127.0.0.1] c.n.u.concurrent.ShutdownEnabledTimer    : Shutdown hook removed for: NFLoadBalancer-PingTimer-reliable-openid-manager
2019-09-28 12:46:07.017  INFO 11216 --- [RMI TCP Connection(10)-127.0.0.1] c.n.u.concurrent.ShutdownEnabledTimer    : Shutdown hook removed for: NFLoadBalancer-PingTimer-reliable-activityinfo-manager
2019-09-28 12:46:07.021  INFO 11216 --- [RMI TCP Connection(10)-127.0.0.1] c.n.u.concurrent.ShutdownEnabledTimer    : Shutdown hook removed for: NFLoadBalancer-PingTimer-reliable-actid-manager
2019-09-28 12:46:07.023  INFO 11216 --- [RMI TCP Connection(10)-127.0.0.1] c.n.u.concurrent.ShutdownEnabledTimer    : Shutdown hook removed for: NFLoadBalancer-PingTimer-reliable-refund-response-manager
2019-09-28 12:46:07.026  INFO 11216 --- [RMI TCP Connection(10)-127.0.0.1] c.n.u.concurrent.ShutdownEnabledTimer    : Shutdown hook removed for: NFLoadBalancer-PingTimer-reliable-draftid-manager
2019-09-28 12:46:07.028  INFO 11216 --- [RMI TCP Connection(10)-127.0.0.1] c.n.u.concurrent.ShutdownEnabledTimer    : Shutdown hook removed for: NFLoadBalancer-PingTimer-reliable-order-response-manager
2019-09-28 12:46:07.030  INFO 11216 --- [RMI TCP Connection(10)-127.0.0.1] c.n.u.concurrent.ShutdownEnabledTimer    : Shutdown hook removed for: NFLoadBalancer-PingTimer-reliable-draft-manager
2019-09-28 12:46:07.032  INFO 11216 --- [RMI TCP Connection(10)-127.0.0.1] c.n.u.concurrent.ShutdownEnabledTimer    : Shutdown hook removed for: NFLoadBalancer-PingTimer-reliable-wechat-pay-id-manager
2019-09-28 12:46:07.034  INFO 11216 --- [RMI TCP Connection(10)-127.0.0.1] c.n.u.concurrent.ShutdownEnabledTimer    : Shutdown hook removed for: NFLoadBalancer-PingTimer-reliable-data-center
2019-09-28 12:46:07.036  INFO 11216 --- [RMI TCP Connection(10)-127.0.0.1] c.n.u.concurrent.ShutdownEnabledTimer    : Shutdown hook removed for: NFLoadBalancer-PingTimer-reliable-activity-info-manager
2019-09-28 12:46:07.040  INFO 11216 --- [RMI TCP Connection(10)-127.0.0.1] o.s.s.c.ThreadPoolTaskScheduler          : Shutting down ExecutorService 'taskScheduler'
2019-09-28 12:46:07.069  INFO 11216 --- [RMI TCP Connection(10)-127.0.0.1] o.s.i.monitor.IntegrationMBeanExporter   : Summary on shutdown: springCloudBusInput
2019-09-28 12:46:07.069  INFO 11216 --- [RMI TCP Connection(10)-127.0.0.1] o.s.i.monitor.IntegrationMBeanExporter   : Summary on shutdown: errorChannel
2019-09-28 12:46:07.069  INFO 11216 --- [RMI TCP Connection(10)-127.0.0.1] o.s.i.monitor.IntegrationMBeanExporter   : Summary on shutdown: springCloudBusOutput
2019-09-28 12:46:07.070  INFO 11216 --- [RMI TCP Connection(10)-127.0.0.1] o.s.i.monitor.IntegrationMBeanExporter   : Summary on shutdown: springCloudBus.anonymous.ozlGH_GPRnGHVn-FmcHJvw.errors
2019-09-28 12:46:07.070  INFO 11216 --- [RMI TCP Connection(10)-127.0.0.1] o.s.i.monitor.IntegrationMBeanExporter   : Summary on shutdown: nullChannel
2019-09-28 12:46:07.070  INFO 11216 --- [RMI TCP Connection(10)-127.0.0.1] o.s.i.monitor.IntegrationMBeanExporter   : Summary on shutdown: org.springframework.cloud.stream.binding.StreamListenerMessageHandler@3a988299
2019-09-28 12:46:07.070  INFO 11216 --- [RMI TCP Connection(10)-127.0.0.1] o.s.i.monitor.IntegrationMBeanExporter   : Summary on shutdown: _org.springframework.integration.errorLogger.handler
2019-09-28 12:46:07.071  INFO 11216 --- [RMI TCP Connection(10)-127.0.0.1] com.netflix.discovery.DiscoveryClient    : Shutting down DiscoveryClient ...
2019-09-28 12:46:07.890  INFO 11216 --- [Thread-11] c.n.l.PollingServerListUpdater           : Shutting down the Executor Pool for PollingServerListUpdater
2019-09-28 12:46:10.074  INFO 11216 --- [RMI TCP Connection(10)-127.0.0.1] com.netflix.discovery.DiscoveryClient    : Unregistering ...
2019-09-28 12:46:10.175  INFO 11216 --- [RMI TCP Connection(10)-127.0.0.1] com.netflix.discovery.DiscoveryClient    : DiscoveryClient_RELIABLE-CLEAR-CENTER/localhost:reliable-clear-center:8870 - deregister  status: 200
2019-09-28 12:46:10.184  INFO 11216 --- [RMI TCP Connection(10)-127.0.0.1] com.netflix.discovery.DiscoveryClient    : Completed shut down of DiscoveryClient
